<?xml version="1.0" encoding="UTF-8"?>
<!-- Generated by org.testng.reporters.JUnitXMLReporter -->
<testsuite ignored="0" hostname="DESKTOP-DPB5V59" failures="1" tests="2" name="Vacancies Page Test_chrome" time="75.592" errors="0" timestamp="08 Mar 2023 12:05:50 GMT">
  <testcase classname="com.qa.aoe.base.BaseTest" name="@BeforeTest setup" time="53.226">
    <failure type="com.microsoft.playwright.TimeoutError" message="Error {
  message=&amp;apos;Timeout 30000ms exceeded.
=========================== logs ===========================
navigating to &amp;quot;https://www.aoe.com/de/home.html&amp;quot;, waiting until &amp;quot;load&amp;quot;
============================================================
  name=&amp;apos;TimeoutError
  stack=&amp;apos;TimeoutError: Timeout 30000ms exceeded.
=========================== logs ===========================
navigating to &amp;quot;https://www.aoe.com/de/home.html&amp;quot;, waiting until &amp;quot;load&amp;quot;
============================================================
    at ProgressController.run (C:\Users\User\AppData\Local\Temp\playwright-java-5109512434105744662\package\lib\server\progress.js:96:26)
    at Frame.goto (C:\Users\User\AppData\Local\Temp\playwright-java-5109512434105744662\package\lib\server\frames.js:709:23)
    at FrameDispatcher.goto (C:\Users\User\AppData\Local\Temp\playwright-java-5109512434105744662\package\lib\server\dispatchers\frameDispatcher.js:87:77)
    at DispatcherConnection.dispatch (C:\Users\User\AppData\Local\Temp\playwright-java-5109512434105744662\package\lib\server\dispatchers\dispatcher.js:397:46)
}">
      <![CDATA[com.microsoft.playwright.TimeoutError: Error {
  message='Timeout 30000ms exceeded.
=========================== logs ===========================
navigating to "https://www.aoe.com/de/home.html", waiting until "load"
============================================================
  name='TimeoutError
  stack='TimeoutError: Timeout 30000ms exceeded.
=========================== logs ===========================
navigating to "https://www.aoe.com/de/home.html", waiting until "load"
============================================================
    at ProgressController.run (C:\Users\User\AppData\Local\Temp\playwright-java-5109512434105744662\package\lib\server\progress.js:96:26)
    at Frame.goto (C:\Users\User\AppData\Local\Temp\playwright-java-5109512434105744662\package\lib\server\frames.js:709:23)
    at FrameDispatcher.goto (C:\Users\User\AppData\Local\Temp\playwright-java-5109512434105744662\package\lib\server\dispatchers\frameDispatcher.js:87:77)
    at DispatcherConnection.dispatch (C:\Users\User\AppData\Local\Temp\playwright-java-5109512434105744662\package\lib\server\dispatchers\dispatcher.js:397:46)
}
at com.microsoft.playwright.impl.WaitableResult.get(WaitableResult.java:52)
at com.microsoft.playwright.impl.ChannelOwner.runUntil(ChannelOwner.java:109)
at com.microsoft.playwright.impl.Connection.sendMessage(Connection.java:108)
at com.microsoft.playwright.impl.ChannelOwner.sendMessage(ChannelOwner.java:100)
at com.microsoft.playwright.impl.FrameImpl.navigateImpl(FrameImpl.java:401)
at com.microsoft.playwright.impl.PageImpl.lambda$navigate$32(PageImpl.java:800)
at com.microsoft.playwright.impl.LoggingSupport.withLogging(LoggingSupport.java:47)
at com.microsoft.playwright.impl.ChannelOwner.withLogging(ChannelOwner.java:85)
at com.microsoft.playwright.impl.PageImpl.navigate(PageImpl.java:800)
at com.microsoft.playwright.impl.PageImpl.navigate(PageImpl.java:41)
at com.microsoft.playwright.Page.navigate(Page.java:4309)
at com.qa.aoe.factory.PlaywrightFactory.initBrowser(PlaywrightFactory.java:80)
at com.qa.aoe.base.BaseTest.setup(BaseTest.java:34)
at java.base/jdk.internal.reflect.NativeMethodAccessorImpl.invoke0(Native Method)
at java.base/jdk.internal.reflect.NativeMethodAccessorImpl.invoke(NativeMethodAccessorImpl.java:62)
at java.base/jdk.internal.reflect.DelegatingMethodAccessorImpl.invoke(DelegatingMethodAccessorImpl.java:43)
at java.base/java.lang.reflect.Method.invoke(Method.java:564)
at org.testng.internal.MethodInvocationHelper.invokeMethod(MethodInvocationHelper.java:124)
at org.testng.internal.MethodInvocationHelper.invokeMethodConsideringTimeout(MethodInvocationHelper.java:59)
at org.testng.internal.Invoker.invokeConfigurationMethod(Invoker.java:458)
at org.testng.internal.Invoker.invokeConfigurations(Invoker.java:222)
at org.testng.internal.Invoker.invokeConfigurations(Invoker.java:142)
at org.testng.TestRunner.beforeRun(TestRunner.java:529)
at org.testng.TestRunner.run(TestRunner.java:497)
at org.testng.SuiteRunner.runTest(SuiteRunner.java:455)
at org.testng.SuiteRunner.access$000(SuiteRunner.java:40)
at org.testng.SuiteRunner$SuiteWorker.run(SuiteRunner.java:489)
at org.testng.internal.thread.ThreadUtil$1.call(ThreadUtil.java:52)
at java.base/java.util.concurrent.FutureTask.run(FutureTask.java:264)
at java.base/java.util.concurrent.ThreadPoolExecutor.runWorker(ThreadPoolExecutor.java:1130)
at java.base/java.util.concurrent.ThreadPoolExecutor$Worker.run(ThreadPoolExecutor.java:630)
at java.base/java.lang.Thread.run(Thread.java:832)
Caused by: com.microsoft.playwright.TimeoutError: Error {
  message='Timeout 30000ms exceeded.
=========================== logs ===========================
navigating to "https://www.aoe.com/de/home.html", waiting until "load"
============================================================
  name='TimeoutError
  stack='TimeoutError: Timeout 30000ms exceeded.
=========================== logs ===========================
navigating to "https://www.aoe.com/de/home.html", waiting until "load"
============================================================
    at ProgressController.run (C:\Users\User\AppData\Local\Temp\playwright-java-5109512434105744662\package\lib\server\progress.js:96:26)
    at Frame.goto (C:\Users\User\AppData\Local\Temp\playwright-java-5109512434105744662\package\lib\server\frames.js:709:23)
    at FrameDispatcher.goto (C:\Users\User\AppData\Local\Temp\playwright-java-5109512434105744662\package\lib\server\dispatchers\frameDispatcher.js:87:77)
    at DispatcherConnection.dispatch (C:\Users\User\AppData\Local\Temp\playwright-java-5109512434105744662\package\lib\server\dispatchers\dispatcher.js:397:46)
}
at com.microsoft.playwright.impl.Connection.dispatch(Connection.java:188)
at com.microsoft.playwright.impl.Connection.processOneMessage(Connection.java:170)
at com.microsoft.playwright.impl.ChannelOwner.runUntil(ChannelOwner.java:107)
... 30 more
]]>
    </failure>
  </testcase> <!-- @BeforeTest setup -->
  <testcase classname="com.qa.aoe.base.BaseTest" name="@AfterTest tearDown" time="0.0">
    <skipped/>
  </testcase> <!-- @AfterTest tearDown -->
  <testcase classname="com.qa.aoe.tests.VacanciesPageTest" name="loginPageNavigationTest" time="0.0">
    <skipped/>
  </testcase> <!-- loginPageNavigationTest -->
  <testcase classname="com.qa.aoe.tests.VacanciesPageTest" name="loginPageNavigationTest" time="6.242">
    <failure type="java.lang.NullPointerException" message="Cannot invoke &amp;quot;com.aventstack.extentreports.ExtentTest.skip(java.lang.Throwable, com.aventstack.extentreports.model.Media)&amp;quot; because the return value of &amp;quot;java.lang.ThreadLocal.get()&amp;quot; is null">
      <![CDATA[java.lang.NullPointerException: Cannot invoke "com.aventstack.extentreports.ExtentTest.skip(java.lang.Throwable, com.aventstack.extentreports.model.Media)" because the return value of "java.lang.ThreadLocal.get()" is null
at com.qa.aoe.listeners.ExtentReportListener.onTestSkipped(ExtentReportListener.java:108)
at org.testng.internal.TestListenerHelper.runTestListeners(TestListenerHelper.java:61)
at org.testng.internal.Invoker.runTestListeners(Invoker.java:1389)
at org.testng.internal.Invoker.registerSkippedTestResult(Invoker.java:1063)
at org.testng.internal.Invoker.invokeMethod(Invoker.java:529)
at org.testng.internal.Invoker.invokeTestMethod(Invoker.java:719)
at org.testng.internal.Invoker.invokeTestMethods(Invoker.java:989)
at org.testng.internal.TestMethodWorker.invokeTestMethods(TestMethodWorker.java:125)
at org.testng.internal.TestMethodWorker.run(TestMethodWorker.java:109)
at org.testng.TestRunner.privateRun(TestRunner.java:648)
at org.testng.TestRunner.run(TestRunner.java:505)
at org.testng.SuiteRunner.runTest(SuiteRunner.java:455)
at org.testng.SuiteRunner.access$000(SuiteRunner.java:40)
at org.testng.SuiteRunner$SuiteWorker.run(SuiteRunner.java:489)
at org.testng.internal.thread.ThreadUtil$1.call(ThreadUtil.java:52)
at java.base/java.util.concurrent.FutureTask.run(FutureTask.java:264)
at java.base/java.util.concurrent.ThreadPoolExecutor.runWorker(ThreadPoolExecutor.java:1130)
at java.base/java.util.concurrent.ThreadPoolExecutor$Worker.run(ThreadPoolExecutor.java:630)
at java.base/java.lang.Thread.run(Thread.java:832)
]]>
    </failure>
  </testcase> <!-- loginPageNavigationTest -->
</testsuite> <!-- Vacancies Page Test_chrome -->
